<?xml version="1.0" encoding="UTF-8" ?>
<testsuite tests="18" failures="0" name="TestSuite" time="143.572" errors="0" skipped="0">
  <properties>
    <property name="java.vendor" value="Oracle Corporation"/>
    <property name="JOB_NAME" value="FreeCRMProject"/>
    <property name="RUN_TESTS_DISPLAY_URL" value="http://unconfigured-jenkins-location/job/FreeCRMProject/1/display/redirect?page=tests"/>
    <property name="sun.java.launcher" value="SUN_STANDARD"/>
    <property name="NUMBER_OF_PROCESSORS" value="4"/>
    <property name="sun.management.compiler" value="HotSpot 64-Bit Tiered Compilers"/>
    <property name="JENKINS_HOME" value="C:\Users\Asus\.jenkins"/>
    <property name="FPS_BROWSER_USER_PROFILE_STRING" value="Default"/>
    <property name="HUDSON_SERVER_COOKIE" value="525c686c14673540"/>
    <property name="os.name" value="Windows 10"/>
    <property name="sun.boot.class.path" value="C:\Program Files\Java\jdk1.8.0_202\jre\lib\resources.jar;C:\Program Files\Java\jdk1.8.0_202\jre\lib\rt.jar;C:\Program Files\Java\jdk1.8.0_202\jre\lib\sunrsasign.jar;C:\Program Files\Java\jdk1.8.0_202\jre\lib\jsse.jar;C:\Program Files\Java\jdk1.8.0_202\jre\lib\jce.jar;C:\Program Files\Java\jdk1.8.0_202\jre\lib\charsets.jar;C:\Program Files\Java\jdk1.8.0_202\jre\lib\jfr.jar;C:\Program Files\Java\jdk1.8.0_202\jre\classes"/>
    <property name="EXECUTOR_NUMBER" value="1"/>
    <property name="sun.desktop" value="windows"/>
    <property name="PATHEXT" value=".COM;.EXE;.BAT;.CMD;.VBS;.VBE;.JS;.JSE;.WSF;.WSH;.MSC"/>
    <property name="java.vm.specification.vendor" value="Oracle Corporation"/>
    <property name="NODE_LABELS" value="master"/>
    <property name="TEMP" value="C:\Users\Asus\AppData\Local\Temp"/>
    <property name="java.runtime.version" value="1.8.0_202-b08"/>
    <property name="FPS_BROWSER_APP_PROFILE_STRING" value="Internet Explorer"/>
    <property name="user.name" value="Asus"/>
    <property name="guice.disable.misplaced.annotation.check" value="true"/>
    <property name="CommonProgramW6432" value="C:\Program Files\Common Files"/>
    <property name="ProgramFiles" value="C:\Program Files"/>
    <property name="PROMPT" value="$P$G"/>
    <property name="user.language" value="en"/>
    <property name="JOB_BASE_NAME" value="FreeCRMProject"/>
    <property name="RUN_CHANGES_DISPLAY_URL" value="http://unconfigured-jenkins-location/job/FreeCRMProject/1/display/redirect?page=changes"/>
    <property name="BUILD_DISPLAY_NAME" value="#1"/>
    <property name="OneDrive" value="C:\Users\Asus\OneDrive"/>
    <property name="sun.boot.library.path" value="C:\Program Files\Java\jdk1.8.0_202\jre\bin"/>
    <property name="LOCALAPPDATA" value="C:\Users\Asus\AppData\Local"/>
    <property name="java.version" value="1.8.0_202"/>
    <property name="PROCESSOR_LEVEL" value="6"/>
    <property name="user.timezone" value="Asia/Calcutta"/>
    <property name="USERNAME" value="Asus"/>
    <property name="sun.arch.data.model" value="64"/>
    <property name="NODE_NAME" value="master"/>
    <property name="java.endorsed.dirs" value="C:\Program Files\Java\jdk1.8.0_202\jre\lib\endorsed"/>
    <property name="BUILD_ID" value="1"/>
    <property name="sun.cpu.isalist" value="amd64"/>
    <property name="sun.jnu.encoding" value="Cp1252"/>
    <property name="file.encoding.pkg" value="sun.io"/>
    <property name="file.separator" value="\"/>
    <property name="java.specification.name" value="Java Platform API Specification"/>
    <property name="HOMEDRIVE" value="C:"/>
    <property name="maven.conf" value="C:\Users\Asus\.jenkins\tools\hudson.tasks.Maven_MavenInstallation\MavenTest\conf"/>
    <property name="java.class.version" value="52.0"/>
    <property name="=::" value="::\"/>
    <property name="org.slf4j.simpleLogger.defaultLogLevel" value="info"/>
    <property name="user.country" value="IN"/>
    <property name="ALLUSERSPROFILE" value="C:\ProgramData"/>
    <property name="java.home" value="C:\Program Files\Java\jdk1.8.0_202\jre"/>
    <property name="java.vm.info" value="mixed mode"/>
    <property name="os.version" value="10.0"/>
    <property name="RUN_DISPLAY_URL" value="http://unconfigured-jenkins-location/job/FreeCRMProject/1/display/redirect"/>
    <property name="TMP" value="C:\Users\Asus\AppData\Local\Temp"/>
    <property name="RUN_ARTIFACTS_DISPLAY_URL" value="http://unconfigured-jenkins-location/job/FreeCRMProject/1/display/redirect?page=artifacts"/>
    <property name="path.separator" value=";"/>
    <property name="java.vm.version" value="25.202-b08"/>
    <property name="user.variant" value=""/>
    <property name="MAVEN_Home" value="C:\Users\Asus\.jenkins\tools\hudson.tasks.Maven_MavenInstallation\MavenTest"/>
    <property name="JOB_DISPLAY_URL" value="http://unconfigured-jenkins-location/job/FreeCRMProject/display/redirect"/>
    <property name="CommonProgramFiles(x86)" value="C:\Program Files (x86)\Common Files"/>
    <property name="USERDOMAIN_ROAMINGPROFILE" value="DESKTOP-A15AP0F"/>
    <property name="java.awt.printerjob" value="sun.awt.windows.WPrinterJob"/>
    <property name="JAVA_HOME" value="C:\Program Files\Java\jdk1.8.0_202"/>
    <property name="sun.io.unicode.encoding" value="UnicodeLittle"/>
    <property name="CommonProgramFiles" value="C:\Program Files\Common Files"/>
    <property name="ComSpec" value="C:\WINDOWS\system32\cmd.exe"/>
    <property name="HOMEPATH" value="\Users\Asus"/>
    <property name="awt.toolkit" value="sun.awt.windows.WToolkit"/>
    <property name="user.script" value=""/>
    <property name="COMPUTERNAME" value="DESKTOP-A15AP0F"/>
    <property name="user.home" value="C:\Users\Asus"/>
    <property name="PUBLIC" value="C:\Users\Public"/>
    <property name="BUILD_TAG" value="jenkins-FreeCRMProject-1"/>
    <property name="JENKINS_SERVER_COOKIE" value="525c686c14673540"/>
    <property name="ProgramData" value="C:\ProgramData"/>
    <property name="java.specification.vendor" value="Oracle Corporation"/>
    <property name="USERPROFILE" value="C:\Users\Asus"/>
    <property name="CLASSPATH" value=""/>
    <property name="java.vendor.url" value="http://java.oracle.com/"/>
    <property name="java.library.path" value="C:\Program Files\Java\jdk1.8.0_202\bin;C:\WINDOWS\Sun\Java\bin;C:\WINDOWS\system32;C:\WINDOWS;C:\Users\Asus\.jenkins\tools\hudson.tasks.Maven_MavenInstallation\MavenTest/bin;C:\Program Files\Java\jdk1.8.0_202/bin;C:\Program Files\Java\jdk1.8.0_202/bin;C:\Program Files (x86)\Intel\iCLS Client\;C:\Program Files\Intel\iCLS Client\;C:\WINDOWS\system32;C:\WINDOWS;C:\WINDOWS\System32\Wbem;C:\WINDOWS\System32\WindowsPowerShell\v1.0\;C:\WINDOWS\System32\OpenSSH\;C:\Program Files (x86)\Intel\Intel(R) Management Engine Components\DAL;C:\Program Files\Intel\Intel(R) Management Engine Components\DAL;C:\Program Files (x86)\Intel\Intel(R) Management Engine Components\IPT;C:\Program Files\Intel\Intel(R) Management Engine Components\IPT;C:\Program Files\Java\jdk1.8.0_202\bin;C:\Program Files\Java\jre1.8.0_202\bin;D:\Selenium\Maven\apache-maven-3.6.3-bin\apache-maven-3.6.3\bin;C:\Program Files\Git\cmd;C:\Program Files\MySQL\MySQL Shell 8.0\bin\;C:\Users\Asus\AppData\Local\Microsoft\WindowsApps;."/>
    <property name="java.vm.vendor" value="Oracle Corporation"/>
    <property name="APPDATA" value="C:\Users\Asus\AppData\Roaming"/>
    <property name="java.runtime.name" value="Java(TM) SE Runtime Environment"/>
    <property name="maven.home" value="C:\Users\Asus\.jenkins\tools\hudson.tasks.Maven_MavenInstallation\MavenTest"/>
    <property name="java.class.path" value="C:\Users\Asus\.jenkins\plugins\maven-plugin\WEB-INF\lib\maven35-agent-1.13.jar;C:\Users\Asus\.jenkins\tools\hudson.tasks.Maven_MavenInstallation\MavenTest\boot\plexus-classworlds-2.6.0.jar;C:\Users\Asus\.jenkins\tools\hudson.tasks.Maven_MavenInstallation\MavenTest/conf/logging"/>
    <property name="sun.java.command" value="jenkins.maven3.agent.Maven35Main C:\Users\Asus\.jenkins\tools\hudson.tasks.Maven_MavenInstallation\MavenTest C:\Users\Asus\.jenkins\war\WEB-INF\lib\remoting-4.5.jar C:\Users\Asus\.jenkins\plugins\maven-plugin\WEB-INF\lib\maven35-interceptor-1.13.jar C:\Users\Asus\.jenkins\plugins\maven-plugin\WEB-INF\lib\maven3-interceptor-commons-1.13.jar 59055"/>
    <property name="Path" value="C:\Program Files\Java\jdk1.8.0_202/bin;C:\Program Files (x86)\Intel\iCLS Client\;C:\Program Files\Intel\iCLS Client\;C:\WINDOWS\system32;C:\WINDOWS;C:\WINDOWS\System32\Wbem;C:\WINDOWS\System32\WindowsPowerShell\v1.0\;C:\WINDOWS\System32\OpenSSH\;C:\Program Files (x86)\Intel\Intel(R) Management Engine Components\DAL;C:\Program Files\Intel\Intel(R) Management Engine Components\DAL;C:\Program Files (x86)\Intel\Intel(R) Management Engine Components\IPT;C:\Program Files\Intel\Intel(R) Management Engine Components\IPT;C:\Program Files\Java\jdk1.8.0_202\bin;C:\Program Files\Java\jre1.8.0_202\bin;D:\Selenium\Maven\apache-maven-3.6.3-bin\apache-maven-3.6.3\bin;C:\Program Files\Git\cmd;C:\Program Files\MySQL\MySQL Shell 8.0\bin\;C:\Users\Asus\AppData\Local\Microsoft\WindowsApps"/>
    <property name="java.vm.specification.name" value="Java Virtual Machine Specification"/>
    <property name="PROCESSOR_ARCHITECTURE" value="AMD64"/>
    <property name="PATH+JDK" value="C:\Program Files\Java\jdk1.8.0_202/bin"/>
    <property name="PROCESSOR_IDENTIFIER" value="Intel64 Family 6 Model 69 Stepping 1, GenuineIntel"/>
    <property name="SESSIONNAME" value="Console"/>
    <property name="java.vm.specification.version" value="1.8"/>
    <property name="sun.os.patch.level" value=""/>
    <property name="sun.cpu.endian" value="little"/>
    <property name="M2_HOME" value="C:\Users\Asus\.jenkins\tools\hudson.tasks.Maven_MavenInstallation\MavenTest"/>
    <property name="=D:" value="D:\Selenium\Jenkins"/>
    <property name="java.io.tmpdir" value="C:\Users\Asus\AppData\Local\Temp\"/>
    <property name="OS" value="Windows_NT"/>
    <property name="HUDSON_HOME" value="C:\Users\Asus\.jenkins"/>
    <property name="PATH+MAVEN" value="C:\Users\Asus\.jenkins\tools\hudson.tasks.Maven_MavenInstallation\MavenTest/bin"/>
    <property name="ProgramFiles(x86)" value="C:\Program Files (x86)"/>
    <property name="java.vendor.url.bug" value="http://bugreport.sun.com/bugreport/"/>
    <property name="java.awt.graphicsenv" value="sun.awt.Win32GraphicsEnvironment"/>
    <property name="os.arch" value="amd64"/>
    <property name="SystemRoot" value="C:\WINDOWS"/>
    <property name="java.ext.dirs" value="C:\Program Files\Java\jdk1.8.0_202\jre\lib\ext;C:\WINDOWS\Sun\Java\lib\ext"/>
    <property name="user.dir" value="D:\Selenium\FrameworkPractice\POMHybridFramework"/>
    <property name="LOGONSERVER" value="\\DESKTOP-A15AP0F"/>
    <property name="USERDOMAIN" value="DESKTOP-A15AP0F"/>
    <property name="line.separator" value="
"/>
    <property name="java.vm.name" value="Java HotSpot(TM) 64-Bit Server VM"/>
    <property name="BUILD_NUMBER" value="1"/>
    <property name="PROCESSOR_REVISION" value="4501"/>
    <property name="ProgramW6432" value="C:\Program Files"/>
    <property name="windir" value="C:\WINDOWS"/>
    <property name="=C:" value="C:\"/>
    <property name="file.encoding" value="Cp1252"/>
    <property name="SystemDrive" value="C:"/>
    <property name="maven3.interceptor" value="C:\Users\Asus\.jenkins\plugins\maven-plugin\WEB-INF\lib\maven35-interceptor-1.13.jar"/>
    <property name="WORKSPACE_TMP" value="C:\Users\Asus\.jenkins\workspace\FreeCRMProject@tmp"/>
    <property name="WORKSPACE" value="C:\Users\Asus\.jenkins\workspace\FreeCRMProject"/>
    <property name="maven3.interceptor.common" value="C:\Users\Asus\.jenkins\plugins\maven-plugin\WEB-INF\lib\maven3-interceptor-commons-1.13.jar"/>
    <property name="java.specification.version" value="1.8"/>
    <property name="PSModulePath" value="C:\Program Files\WindowsPowerShell\Modules;C:\WINDOWS\system32\WindowsPowerShell\v1.0\Modules"/>
    <property name="DriverData" value="C:\Windows\System32\Drivers\DriverData"/>
  </properties>
  <testcase classname="com.qa.testCases.ContactPageTest" name="validateTitle" time="0.204"/>
  <testcase classname="com.qa.testCases.ContactPageTest" name="validateContactPageFully" time="0.765"/>
  <testcase classname="com.qa.testCases.ContactPageTest" name="createContactForm" time="18.584"/>
  <testcase classname="com.qa.testCases.ContactPageTest" name="createContactForm" time="25.571"/>
  <testcase classname="com.qa.testCases.ContactPageTest" name="createContactForm" time="22.679"/>
  <testcase classname="com.qa.testCases.ContactPageTest" name="createContactForm" time="21.104"/>
  <testcase classname="com.qa.testCases.ContactPageTest" name="createContactForm" time="22.996"/>
  <testcase classname="com.qa.testCases.HomePageTest" name="validateHomePage" time="0.261"/>
  <testcase classname="com.qa.testCases.HomePageTest" name="validateUser" time="3.861"/>
  <testcase classname="com.qa.testCases.HomePageTest" name="validateHomePageFully" time="3.611"/>
  <testcase classname="com.qa.testCases.HomePageTest" name="contactPage" time="1.866"/>
  <testcase classname="com.qa.testCases.HomePageTest" name="dealPage" time="1.695"/>
  <testcase classname="com.qa.testCases.LandingPageTest" name="validateTitle" time="0.055"/>
  <testcase classname="com.qa.testCases.LandingPageTest" name="clickOnLoginBtn" time="5.556"/>
  <testcase classname="com.qa.testCases.LoginPageTest" name="demo" time="0"/>
  <testcase classname="com.qa.testCases.LoginPageTest" name="validateTitle" time="0.026"/>
  <testcase classname="com.qa.testCases.LoginPageTest" name="forgetLink" time="7.37"/>
  <testcase classname="com.qa.testCases.LoginPageTest" name="enterCredentials" time="7.368"/>
</testsuite>