<?xml version="1.0" encoding="UTF-8"?>
<!-- Generated by org.testng.reporters.JUnitReportReporter -->
<testsuite skipped="0" hostname="DESKTOP-A15AP0F" name="com.qa.testCases.LoginPageTest" tests="4" failures="0" timestamp="2021-05-26T14:48:13 IST" time="101.629" errors="0">
  <testcase name="demo" time="15.660" classname="com.qa.testCases.LoginPageTest"/>
  <system-out/>
  <testcase name="validateTitle" time="17.139" classname="com.qa.testCases.LoginPageTest"/>
  <system-out/>
  <testcase name="forgetLink" time="28.032" classname="com.qa.testCases.LoginPageTest"/>
  <system-out/>
  <testcase name="enterCredentials" time="40.798" classname="com.qa.testCases.LoginPageTest"/>
  <system-out/>
</testsuite> <!-- com.qa.testCases.LoginPageTest -->
