<?xml version="1.0" encoding="UTF-8"?>
<!-- Generated by org.testng.reporters.JUnitReportReporter -->
<testsuite skipped="0" hostname="DESKTOP-A15AP0F" name="com.qa.testCases.HomePageTest" tests="5" failures="0" timestamp="2021-05-25T18:44:40 IST" time="201.549" errors="0">
  <testcase name="validateHomePage" time="26.046" classname="com.qa.testCases.HomePageTest"/>
  <system-out/>
  <testcase name="validateUser" time="45.417" classname="com.qa.testCases.HomePageTest"/>
  <system-out/>
  <testcase name="validateHomePageFully" time="26.914" classname="com.qa.testCases.HomePageTest"/>
  <system-out/>
  <testcase name="contactPage" time="68.837" classname="com.qa.testCases.HomePageTest"/>
  <system-out/>
  <testcase name="dealPage" time="34.335" classname="com.qa.testCases.HomePageTest"/>
  <system-out/>
</testsuite> <!-- com.qa.testCases.HomePageTest -->
