<?xml version="1.0" encoding="UTF-8"?>
<!-- Generated by org.testng.reporters.JUnitReportReporter -->
<testsuite skipped="0" hostname="DESKTOP-A15AP0F" name="com.qa.testCases.LandingPageTest" tests="2" failures="0" timestamp="2021-05-25T18:44:40 IST" time="51.276" errors="0">
  <testcase name="validateTitle" time="13.611" classname="com.qa.testCases.LandingPageTest"/>
  <system-out/>
  <testcase name="clickOnLoginBtn" time="37.665" classname="com.qa.testCases.LandingPageTest"/>
  <system-out/>
</testsuite> <!-- com.qa.testCases.LandingPageTest -->
