<?xml version="1.0" encoding="UTF-8"?>
<!-- Generated by org.testng.reporters.JUnitReportReporter -->
<testsuite skipped="0" hostname="DESKTOP-A15AP0F" name="com.qa.testCases.ContactPageTest" tests="7" failures="0" timestamp="2021-05-25T18:44:40 IST" time="343.712" errors="0">
  <testcase name="validateTitle" time="26.530" classname="com.qa.testCases.ContactPageTest"/>
  <system-out/>
  <testcase name="validateContactPageFully" time="24.856" classname="com.qa.testCases.ContactPageTest"/>
  <system-out/>
  <testcase name="createContactForm" time="51.779" classname="com.qa.testCases.ContactPageTest"/>
  <system-out/>
  <testcase name="createContactForm" time="86.374" classname="com.qa.testCases.ContactPageTest"/>
  <system-out/>
  <testcase name="createContactForm" time="49.115" classname="com.qa.testCases.ContactPageTest"/>
  <system-out/>
  <testcase name="createContactForm" time="53.100" classname="com.qa.testCases.ContactPageTest"/>
  <system-out/>
  <testcase name="createContactForm" time="51.958" classname="com.qa.testCases.ContactPageTest"/>
  <system-out/>
</testsuite> <!-- com.qa.testCases.ContactPageTest -->
