<?xml version="1.0" encoding="UTF-8"?>
<!-- Generated by org.testng.reporters.JUnitReportReporter -->
<testsuite skipped="0" hostname="DESKTOP-A15AP0F" name="com.qa.testCases.LandingPageTest" tests="2" failures="0" timestamp="2021-05-27T11:08:15 IST" time="36.208" errors="0">
  <testcase name="validateTitle" time="14.595" classname="com.qa.testCases.LandingPageTest"/>
  <system-out/>
  <testcase name="clickOnLoginBtn" time="21.613" classname="com.qa.testCases.LandingPageTest"/>
  <system-out/>
</testsuite> <!-- com.qa.testCases.LandingPageTest -->
