<?xml version="1.0" encoding="UTF-8"?>
<!-- Generated by org.testng.reporters.JUnitReportReporter -->
<testsuite skipped="0" hostname="DESKTOP-A15AP0F" name="com.qa.testCases.HomePageTest" tests="5" failures="0" timestamp="2021-05-27T10:04:44 IST" time="123.703" errors="0">
  <testcase name="validateHomePage" time="21.847" classname="com.qa.testCases.HomePageTest"/>
  <system-out/>
  <testcase name="validateUser" time="23.692" classname="com.qa.testCases.HomePageTest"/>
  <system-out/>
  <testcase name="validateHomePageFully" time="33.857" classname="com.qa.testCases.HomePageTest"/>
  <system-out/>
  <testcase name="contactPage" time="26.598" classname="com.qa.testCases.HomePageTest"/>
  <system-out/>
  <testcase name="dealPage" time="17.709" classname="com.qa.testCases.HomePageTest"/>
  <system-out/>
</testsuite> <!-- com.qa.testCases.HomePageTest -->
