<?xml version="1.0" encoding="UTF-8"?>
<!-- Generated by org.testng.reporters.JUnitReportReporter -->
<testsuite skipped="0" hostname="DESKTOP-A15AP0F" name="com.qa.testCases.ContactPageTest" tests="7" failures="0" timestamp="2021-05-27T10:04:44 IST" time="365.812" errors="0">
  <testcase name="validateTitle" time="33.475" classname="com.qa.testCases.ContactPageTest"/>
  <system-out/>
  <testcase name="validateContactPageFully" time="32.699" classname="com.qa.testCases.ContactPageTest"/>
  <system-out/>
  <testcase name="createContactForm" time="54.888" classname="com.qa.testCases.ContactPageTest"/>
  <system-out/>
  <testcase name="createContactForm" time="63.574" classname="com.qa.testCases.ContactPageTest"/>
  <system-out/>
  <testcase name="createContactForm" time="79.127" classname="com.qa.testCases.ContactPageTest"/>
  <system-out/>
  <testcase name="createContactForm" time="51.844" classname="com.qa.testCases.ContactPageTest"/>
  <system-out/>
  <testcase name="createContactForm" time="50.205" classname="com.qa.testCases.ContactPageTest"/>
  <system-out/>
</testsuite> <!-- com.qa.testCases.ContactPageTest -->
