<?xml version="1.0" encoding="UTF-8"?>
<!-- Generated by org.testng.reporters.JUnitReportReporter -->
<testsuite skipped="0" hostname="DESKTOP-A15AP0F" name="com.qa.testCases.LandingPageTest" tests="2" failures="0" timestamp="2021-05-27T10:04:44 IST" time="31.194" errors="0">
  <testcase name="validateTitle" time="10.732" classname="com.qa.testCases.LandingPageTest"/>
  <system-out/>
  <testcase name="clickOnLoginBtn" time="20.462" classname="com.qa.testCases.LandingPageTest"/>
  <system-out/>
</testsuite> <!-- com.qa.testCases.LandingPageTest -->
