<?xml version="1.0" encoding="UTF-8"?>
<!-- Generated by org.testng.reporters.JUnitReportReporter -->
<testsuite skipped="0" hostname="DESKTOP-A15AP0F" name="com.qa.testCases.LoginPageTest" tests="4" failures="0" timestamp="2021-05-27T10:04:44 IST" time="73.945" errors="0">
  <testcase name="demo" time="14.421" classname="com.qa.testCases.LoginPageTest"/>
  <system-out/>
  <testcase name="validateTitle" time="13.853" classname="com.qa.testCases.LoginPageTest"/>
  <system-out/>
  <testcase name="forgetLink" time="22.455" classname="com.qa.testCases.LoginPageTest"/>
  <system-out/>
  <testcase name="enterCredentials" time="23.216" classname="com.qa.testCases.LoginPageTest"/>
  <system-out/>
</testsuite> <!-- com.qa.testCases.LoginPageTest -->
